<?xml version="1.0" encoding="UTF-8"?>
<testng-results skipped="0" failed="0" ignored="0" total="1" passed="1">
  <reporter-output>
    <line>
      <![CDATA[Successfully Running]]>
    </line>
  </reporter-output>
  <suite name="Default suite" duration-ms="140" started-at="2020-08-06T12:23:26 IST" finished-at="2020-08-06T12:23:26 IST">
    <groups>
    </groups>
    <test name="Default test" duration-ms="140" started-at="2020-08-06T12:23:26 IST" finished-at="2020-08-06T12:23:26 IST">
      <class name="demo.actitime.timetrack.Demo">
        <test-method status="PASS" signature="runTest()[pri:0, instance:demo.actitime.timetrack.Demo@7494e528]" name="runTest" duration-ms="28" started-at="2020-08-06T12:23:26 IST" finished-at="2020-08-06T12:23:26 IST">
          <reporter-output>
            <line>
              <![CDATA[Successfully Running]]>
            </line>
          </reporter-output>
        </test-method> <!-- runTest -->
      </class> <!-- demo.actitime.timetrack.Demo -->
    </test> <!-- Default test -->
  </suite> <!-- Default suite -->
</testng-results>
